0 info it worked if it ends with ok
1 verbose cli [ 'D:\\Nodejs\\node.exe',
1 verbose cli   'D:\\Nodejs\\node_modules\\npm\\bin\\npm-cli.js',
1 verbose cli   'run',
1 verbose cli   'server' ]
2 info using npm@4.1.2
3 info using node@v7.7.1
4 verbose run-script [ 'preserver', 'server', 'postserver' ]
5 info lifecycle lining@1.0.0~preserver: lining@1.0.0
6 silly lifecycle lining@1.0.0~preserver: no script for preserver, continuing
7 info lifecycle lining@1.0.0~server: lining@1.0.0
8 verbose lifecycle lining@1.0.0~server: unsafe-perm in lifecycle true
9 verbose lifecycle lining@1.0.0~server: PATH: D:\Nodejs\node_modules\npm\bin\node-gyp-bin;C:\Users\Administrator\Desktop\ne\practice\仿李宁官网\node_modules\.bin;D:\Ruby23\bin;C:\Python27\Lib\site-packages\PyQt4;C:\ProgramData\Oracle\Java\javapath;C:\Windows\system32;C:\Windows;C:\Windows\System32\Wbem;C:\Windows\System32\WindowsPowerShell\v1.0\;C:\Python27;C:\Python27\DLLs;C:\Python27\Scripts;C:\Python27\Lib\site-packages\vtk;C:\Python27\gnuplot\binary;C:\Python27\Lib\site-packages\osgeo;D:\python\pythonxy\SciTE-3.5.1-4;D:\python\pythonxy\console;C:\Program Files\pythonxy\swig;D:\python\pythonxy\gettext\bin;C:\Program Files\TortoiseGit\bin;C:\Program Files\Git\cmd;D:\Nodejs\;C:\Users\Administrator\AppData\Roaming\npm
10 verbose lifecycle lining@1.0.0~server: CWD: C:\Users\Administrator\Desktop\ne\practice\仿李宁官网
11 silly lifecycle lining@1.0.0~server: Args: [ '/d /s /c', 'webpack-dev-server --open' ]
12 silly lifecycle lining@1.0.0~server: Returned: code: 1  signal: null
13 info lifecycle lining@1.0.0~server: Failed to exec server script
14 verbose stack Error: lining@1.0.0 server: `webpack-dev-server --open`
14 verbose stack Exit status 1
14 verbose stack     at EventEmitter.<anonymous> (D:\Nodejs\node_modules\npm\lib\utils\lifecycle.js:279:16)
14 verbose stack     at emitTwo (events.js:106:13)
14 verbose stack     at EventEmitter.emit (events.js:194:7)
14 verbose stack     at ChildProcess.<anonymous> (D:\Nodejs\node_modules\npm\lib\utils\spawn.js:40:14)
14 verbose stack     at emitTwo (events.js:106:13)
14 verbose stack     at ChildProcess.emit (events.js:194:7)
14 verbose stack     at maybeClose (internal/child_process.js:899:16)
14 verbose stack     at Process.ChildProcess._handle.onexit (internal/child_process.js:226:5)
15 verbose pkgid lining@1.0.0
16 verbose cwd C:\Users\Administrator\Desktop\ne\practice\仿李宁官网\src
17 error Windows_NT 6.1.7601
18 error argv "D:\\Nodejs\\node.exe" "D:\\Nodejs\\node_modules\\npm\\bin\\npm-cli.js" "run" "server"
19 error node v7.7.1
20 error npm  v4.1.2
21 error code ELIFECYCLE
22 error lining@1.0.0 server: `webpack-dev-server --open`
22 error Exit status 1
23 error Failed at the lining@1.0.0 server script 'webpack-dev-server --open'.
23 error Make sure you have the latest version of node.js and npm installed.
23 error If you do, this is most likely a problem with the lining package,
23 error not with npm itself.
23 error Tell the author that this fails on your system:
23 error     webpack-dev-server --open
23 error You can get information on how to open an issue for this project with:
23 error     npm bugs lining
23 error Or if that isn't available, you can get their info via:
23 error     npm owner ls lining
23 error There is likely additional logging output above.
24 verbose exit [ 1, true ]
